<?xml version="1.0" encoding="UTF-8"?>
<testng-results skipped="0" failed="0" ignored="0" total="2" passed="2">
  <reporter-output>
  </reporter-output>
  <suite name="Default suite" duration-ms="21056" started-at="2019-06-19T08:53:38Z" finished-at="2019-06-19T08:53:59Z">
    <groups>
    </groups>
    <test name="Default test" duration-ms="21056" started-at="2019-06-19T08:53:38Z" finished-at="2019-06-19T08:53:59Z">
      <class name="com.training.sanity.tests.UFM003recoverpass">
        <test-method status="PASS" signature="setUpBeforeClass()[pri:0, instance:com.training.sanity.tests.UFM003recoverpass@1593948d]" name="setUpBeforeClass" is-config="true" duration-ms="8994" started-at="2019-06-19T14:23:38Z" finished-at="2019-06-19T14:23:47Z">
          <reporter-output>
          </reporter-output>
        </test-method> <!-- setUpBeforeClass -->
        <test-method status="PASS" signature="validLoginTest()[pri:1, instance:com.training.sanity.tests.UFM003recoverpass@1593948d]" name="validLoginTest" duration-ms="6560" started-at="2019-06-19T14:23:47Z" finished-at="2019-06-19T14:23:54Z">
          <reporter-output>
          </reporter-output>
        </test-method> <!-- validLoginTest -->
        <test-method status="PASS" signature="forgotpasswordTest()[pri:2, instance:com.training.sanity.tests.UFM003recoverpass@1593948d]" name="forgotpasswordTest" duration-ms="3634" started-at="2019-06-19T14:23:54Z" finished-at="2019-06-19T14:23:58Z">
          <reporter-output>
          </reporter-output>
        </test-method> <!-- forgotpasswordTest -->
        <test-method status="PASS" signature="tearDown()[pri:0, instance:com.training.sanity.tests.UFM003recoverpass@1593948d]" name="tearDown" is-config="true" duration-ms="1810" started-at="2019-06-19T14:23:58Z" finished-at="2019-06-19T14:23:59Z">
          <reporter-output>
          </reporter-output>
        </test-method> <!-- tearDown -->
      </class> <!-- com.training.sanity.tests.UFM003recoverpass -->
    </test> <!-- Default test -->
  </suite> <!-- Default suite -->
</testng-results>
