<?xml version="1.0" encoding="UTF-8"?>
<!-- Generated by org.testng.reporters.JUnitXMLReporter -->
<testsuite hostname="DESKTOP-3GE8PS9" ignored="0" name="Default test" tests="6" failures="0" timestamp="23 Jul 2019 05:54:20 GMT" time="103.47" errors="0">
  <testcase name="loginDBTest" time="8.047" classname="com.training.sanity.tests.UNF062RetreiveData"/>
  <testcase name="loginDBTest" time="6.215" classname="com.training.sanity.tests.UNF062RetreiveData"/>
  <testcase name="loginDBTest" time="6.243" classname="com.training.sanity.tests.UNF062RetreiveData"/>
  <testcase name="loginDBTest" time="6.085" classname="com.training.sanity.tests.UNF062RetreiveData"/>
  <testcase name="loginDBTest" time="6.623" classname="com.training.sanity.tests.UNF062RetreiveData"/>
  <testcase name="loginDBTest" time="5.147" classname="com.training.sanity.tests.UNF062RetreiveData"/>
</testsuite> <!-- Default test -->
